2022-07-21 17:07:28,349 :: Starting
2022-07-21 17:07:29,839 :: Returning
2022-07-21 17:07:29,844 :: Loaded Digimon into catalog successfully.
2022-07-21 17:07:31,362 :: Successfully saved Digimon to Digimon_Info.csv
2022-07-21 17:07:39,385 :: Starting
2022-07-21 17:07:40,871 :: Returning
2022-07-21 17:07:40,875 :: Loaded Digimon into catalog successfully.
2022-07-21 17:07:51,577 :: Inserted a new Digimon into catalog.
2022-07-21 17:07:52,635 :: Successfully saved Digimon to Digimon_Info.csv
2022-07-21 17:08:01,519 :: Starting
2022-07-21 17:08:03,043 :: Returning
2022-07-21 17:08:03,048 :: Loaded Digimon into catalog successfully.
2022-07-21 17:08:16,833 :: Inserted a new Digimon into catalog.
2022-07-21 17:08:17,563 :: Successfully saved Digimon to Digimon_Info.csv
2022-07-21 17:18:59,065 :: Starting
2022-07-21 17:19:00,564 :: Returning
2022-07-21 17:19:00,568 :: Loaded Digimon into catalog successfully.
2022-07-21 17:19:06,008 :: Successfully saved Digimon to Digimon_Info.csv
2022-07-21 17:19:14,454 :: Starting
2022-07-21 17:19:15,947 :: Returning
2022-07-21 17:19:15,951 :: Loaded Digimon into catalog successfully.
2022-07-21 17:19:30,648 :: Inserted a new Digimon into catalog.
2022-07-21 17:19:32,027 :: Successfully saved Digimon to Digimon_Info.csv
2022-07-21 17:22:32,851 :: Starting
2022-07-21 17:22:34,350 :: Returning
2022-07-21 17:22:34,353 :: Loaded Digimon into catalog successfully.
2022-07-21 17:22:39,865 :: Successfully saved Digimon to Digimon_Info.csv
2022-07-21 17:22:45,192 :: Starting
2022-07-21 17:22:46,808 :: Returning
2022-07-21 17:22:46,811 :: Loaded Digimon into catalog successfully.
2022-07-21 17:23:01,032 :: Inserted a new Digimon into catalog.
2022-07-21 17:23:03,011 :: Successfully saved Digimon to Digimon_Info.csv
2022-07-21 17:23:07,870 :: Starting
2022-07-21 17:23:09,501 :: Returning
2022-07-21 17:23:09,507 :: Loaded Digimon into catalog successfully.
2022-07-21 17:23:15,769 :: User attempted to enter comma into device name.
2022-07-21 17:23:33,168 :: User attempted to enter comma into version name.
2022-07-21 17:23:40,568 :: Inserted a new Digimon into catalog.
2022-07-21 17:23:42,083 :: Successfully saved Digimon to Digimon_Info.csv
